{
  "stats": {
    "suites": 1,
    "tests": 6,
    "passes": 6,
    "pending": 0,
    "failures": 0,
    "start": "2025-04-09T01:38:40.426Z",
    "end": "2025-04-09T01:38:57.101Z",
    "duration": 16675,
    "testsRegistered": 6,
    "passPercent": 100,
    "pendingPercent": 0,
    "other": 0,
    "hasOther": false,
    "skipped": 0,
    "hasSkipped": false
  },
  "results": [
    {
      "uuid": "a8b5ee8d-a429-4860-99e0-5e63a4b40277",
      "title": "",
      "fullFile": "cypress\\e2e\\cadastro_correto.cy.js",
      "file": "cypress\\e2e\\cadastro_correto.cy.js",
      "beforeHooks": [],
      "afterHooks": [],
      "tests": [],
      "suites": [
        {
          "uuid": "fa187c3b-e4ba-4f3d-bc46-76c6f54b7f1d",
          "title": "Validação da página Adopet",
          "fullFile": "",
          "file": "",
          "beforeHooks": [],
          "afterHooks": [],
          "tests": [
            {
              "title": "Garantir o correto comportamento de cadastro de um novo usuário com sucesso",
              "fullTitle": "Validação da página Adopet Garantir o correto comportamento de cadastro de um novo usuário com sucesso",
              "timedOut": null,
              "duration": 4018,
              "state": "passed",
              "speed": "fast",
              "pass": true,
              "fail": false,
              "pending": false,
              "context": null,
              "code": "cy.cadastro('Mariana de Jesus', 'mariana@email.com', 'Senha123', 'Senha123');",
              "err": {},
              "uuid": "dadfdcd1-e456-45e9-b169-394eec555802",
              "parentUUID": "fa187c3b-e4ba-4f3d-bc46-76c6f54b7f1d",
              "isHook": false,
              "skipped": false
            },
            {
              "title": "Garantir o correto acesso de visualização de pets disponíveis para adoção",
              "fullTitle": "Validação da página Adopet Garantir o correto acesso de visualização de pets disponíveis para adoção",
              "timedOut": null,
              "duration": 1990,
              "state": "passed",
              "speed": "fast",
              "pass": true,
              "fail": false,
              "pending": false,
              "context": null,
              "code": "cy.visit('https://adopet-frontend-cypress.vercel.app/');\ncy.contains('a', 'Ver pets disponíveis para adoção').click();",
              "err": {},
              "uuid": "6545b41e-c491-4cb2-b6cf-bcb49d797e1e",
              "parentUUID": "fa187c3b-e4ba-4f3d-bc46-76c6f54b7f1d",
              "isHook": false,
              "skipped": false
            },
            {
              "title": "Garantir o correto funcionamento dos botões da página inicial",
              "fullTitle": "Validação da página Adopet Garantir o correto funcionamento dos botões da página inicial",
              "timedOut": null,
              "duration": 2301,
              "state": "passed",
              "speed": "fast",
              "pass": true,
              "fail": false,
              "pending": false,
              "context": null,
              "code": "cy.visit('https://adopet-frontend-cypress.vercel.app/');\ncy.get('.header__message').click();\ncy.get('.header__home').click();",
              "err": {},
              "uuid": "d9a27073-f89b-4967-9145-fc921cc8dba8",
              "parentUUID": "fa187c3b-e4ba-4f3d-bc46-76c6f54b7f1d",
              "isHook": false,
              "skipped": false
            },
            {
              "title": "Garantir o correto acesso à página de login Adopet",
              "fullTitle": "Validação da página Adopet Garantir o correto acesso à página de login Adopet",
              "timedOut": null,
              "duration": 1796,
              "state": "passed",
              "speed": "fast",
              "pass": true,
              "fail": false,
              "pending": false,
              "context": null,
              "code": "cy.visit('https://adopet-frontend-cypress.vercel.app/');\ncy.contains('a', 'Fazer login').click();",
              "err": {},
              "uuid": "19621b91-b490-4472-a7f1-cb213a1793fb",
              "parentUUID": "fa187c3b-e4ba-4f3d-bc46-76c6f54b7f1d",
              "isHook": false,
              "skipped": false
            },
            {
              "title": "Garantir o correto acesso à página home Adopet",
              "fullTitle": "Validação da página Adopet Garantir o correto acesso à página home Adopet",
              "timedOut": null,
              "duration": 2022,
              "state": "passed",
              "speed": "fast",
              "pass": true,
              "fail": false,
              "pending": false,
              "context": null,
              "code": "cy.visit('https://adopet-frontend-cypress.vercel.app/home');",
              "err": {},
              "uuid": "8eb0ae6b-2be7-4975-96ce-a043a5c67b8b",
              "parentUUID": "fa187c3b-e4ba-4f3d-bc46-76c6f54b7f1d",
              "isHook": false,
              "skipped": false
            },
            {
              "title": "Garantir o correto acesso à página home Adopet e falar com o responsável",
              "fullTitle": "Validação da página Adopet Garantir o correto acesso à página home Adopet e falar com o responsável",
              "timedOut": null,
              "duration": 1976,
              "state": "passed",
              "speed": "fast",
              "pass": true,
              "fail": false,
              "pending": false,
              "context": null,
              "code": "cy.visit('https://adopet-frontend-cypress.vercel.app/home');\ncy.get('.header__message').click();",
              "err": {},
              "uuid": "39525843-be8f-460e-b776-6eed71612f63",
              "parentUUID": "fa187c3b-e4ba-4f3d-bc46-76c6f54b7f1d",
              "isHook": false,
              "skipped": false
            }
          ],
          "suites": [],
          "passes": [
            "dadfdcd1-e456-45e9-b169-394eec555802",
            "6545b41e-c491-4cb2-b6cf-bcb49d797e1e",
            "d9a27073-f89b-4967-9145-fc921cc8dba8",
            "19621b91-b490-4472-a7f1-cb213a1793fb",
            "8eb0ae6b-2be7-4975-96ce-a043a5c67b8b",
            "39525843-be8f-460e-b776-6eed71612f63"
          ],
          "failures": [],
          "pending": [],
          "skipped": [],
          "duration": 14103,
          "root": false,
          "rootEmpty": false,
          "_timeout": 2000
        }
      ],
      "passes": [],
      "failures": [],
      "pending": [],
      "skipped": [],
      "duration": 0,
      "root": true,
      "rootEmpty": true,
      "_timeout": 2000
    }
  ],
  "meta": {
    "mocha": {
      "version": "7.0.1"
    },
    "mochawesome": {
      "options": {
        "quiet": false,
        "reportFilename": "mochawesome",
        "saveHtml": true,
        "saveJson": true,
        "consoleReporter": "spec",
        "useInlineDiffs": false,
        "code": true
      },
      "version": "7.1.3"
    },
    "marge": {
      "options": {
        "reportDir": "cypress/results",
        "overwrite": false,
        "html": true,
        "json": true,
        "timestamp": "mmddyyyy_HHMMss"
      },
      "version": "6.2.0"
    }
  }
}