{
  "stats": {
    "suites": 1,
    "tests": 3,
    "passes": 3,
    "pending": 0,
    "failures": 0,
    "start": "2025-04-09T01:39:39.728Z",
    "end": "2025-04-09T01:39:46.349Z",
    "duration": 6621,
    "testsRegistered": 3,
    "passPercent": 100,
    "pendingPercent": 0,
    "other": 0,
    "hasOther": false,
    "skipped": 0,
    "hasSkipped": false
  },
  "results": [
    {
      "uuid": "75749119-2ca5-46b6-81ab-c4b42fe29de9",
      "title": "",
      "fullFile": "cypress\\e2e\\login_incorreto.cy.js",
      "file": "cypress\\e2e\\login_incorreto.cy.js",
      "beforeHooks": [],
      "afterHooks": [],
      "tests": [],
      "suites": [
        {
          "uuid": "7ef5d60b-c2d9-41d7-ad6a-deeba194799a",
          "title": "Login Adopet",
          "fullFile": "",
          "file": "",
          "beforeHooks": [],
          "afterHooks": [],
          "tests": [
            {
              "title": "Garantir mensagem de erro no login com dados inválidos",
              "fullTitle": "Login Adopet Garantir mensagem de erro no login com dados inválidos",
              "timedOut": null,
              "duration": 2479,
              "state": "passed",
              "speed": "fast",
              "pass": true,
              "fail": false,
              "pending": false,
              "context": null,
              "code": "cy.login('12', 'senha');\ncy.get('[data-test=\"submit-button\"]').click();\ncy.contains('Por favor, verifique o email digitado').should('be.visible');\ncy.contains('A senha deve conter pelo menos uma letra maiúscula, um número e ter entre 6 e 15 caracteres').should('be.visible');",
              "err": {},
              "uuid": "2b71ef99-7dc1-45ed-885e-98dcd597ba63",
              "parentUUID": "7ef5d60b-c2d9-41d7-ad6a-deeba194799a",
              "isHook": false,
              "skipped": false
            },
            {
              "title": "Garantir mensagem de erro no login com dados não registrados",
              "fullTitle": "Login Adopet Garantir mensagem de erro no login com dados não registrados",
              "timedOut": null,
              "duration": 1789,
              "state": "passed",
              "speed": "fast",
              "pass": true,
              "fail": false,
              "pending": false,
              "context": null,
              "code": "cy.login('mariana@email.com', 'Senha123');\ncy.wait('@stubPost', {\n  timeout: 10000\n});\ncy.contains('Falha no login. Consulte suas credenciais.').should('be.visible');",
              "err": {},
              "uuid": "15eec1b4-c3f3-459c-b2da-67ff83890b8c",
              "parentUUID": "7ef5d60b-c2d9-41d7-ad6a-deeba194799a",
              "isHook": false,
              "skipped": false
            },
            {
              "title": "Garantir mensagem de erro no login quando os dados não forem preenchidos",
              "fullTitle": "Login Adopet Garantir mensagem de erro no login quando os dados não forem preenchidos",
              "timedOut": null,
              "duration": 729,
              "state": "passed",
              "speed": "fast",
              "pass": true,
              "fail": false,
              "pending": false,
              "context": null,
              "code": "cy.get('[data-test=\"submit-button\"]').click();\ncy.contains('É necessário informar um endereço de email').should('be.visible');\ncy.contains('Insira sua senha').should('be.visible');",
              "err": {},
              "uuid": "3fb54847-4fd1-4f4e-a669-c25efe3be07a",
              "parentUUID": "7ef5d60b-c2d9-41d7-ad6a-deeba194799a",
              "isHook": false,
              "skipped": false
            }
          ],
          "suites": [],
          "passes": [
            "2b71ef99-7dc1-45ed-885e-98dcd597ba63",
            "15eec1b4-c3f3-459c-b2da-67ff83890b8c",
            "3fb54847-4fd1-4f4e-a669-c25efe3be07a"
          ],
          "failures": [],
          "pending": [],
          "skipped": [],
          "duration": 4997,
          "root": false,
          "rootEmpty": false,
          "_timeout": 2000
        }
      ],
      "passes": [],
      "failures": [],
      "pending": [],
      "skipped": [],
      "duration": 0,
      "root": true,
      "rootEmpty": true,
      "_timeout": 2000
    }
  ],
  "meta": {
    "mocha": {
      "version": "7.0.1"
    },
    "mochawesome": {
      "options": {
        "quiet": false,
        "reportFilename": "mochawesome",
        "saveHtml": true,
        "saveJson": true,
        "consoleReporter": "spec",
        "useInlineDiffs": false,
        "code": true
      },
      "version": "7.1.3"
    },
    "marge": {
      "options": {
        "reportDir": "cypress/results",
        "overwrite": false,
        "html": true,
        "json": true,
        "timestamp": "mmddyyyy_HHMMss"
      },
      "version": "6.2.0"
    }
  }
}