{
  "stats": {
    "suites": 1,
    "tests": 1,
    "passes": 1,
    "pending": 0,
    "failures": 0,
    "start": "2025-04-09T01:38:59.929Z",
    "end": "2025-04-09T01:39:03.754Z",
    "duration": 3825,
    "testsRegistered": 1,
    "passPercent": 100,
    "pendingPercent": 0,
    "other": 0,
    "hasOther": false,
    "skipped": 0,
    "hasSkipped": false
  },
  "results": [
    {
      "uuid": "7a4d3ae3-8e30-43e0-9449-7b73a16c255e",
      "title": "",
      "fullFile": "cypress\\e2e\\cadastro_incorreto.cy.js",
      "file": "cypress\\e2e\\cadastro_incorreto.cy.js",
      "beforeHooks": [],
      "afterHooks": [],
      "tests": [],
      "suites": [
        {
          "uuid": "fc3bfde4-a7e8-42fa-98ac-cd7d34774c02",
          "title": "Página de Cadastro",
          "fullFile": "",
          "file": "",
          "beforeHooks": [],
          "afterHooks": [],
          "tests": [
            {
              "title": "Garantir mensagem de erro ao tentar realizar o cadastro sem preencher o formulário",
              "fullTitle": "Página de Cadastro Garantir mensagem de erro ao tentar realizar o cadastro sem preencher o formulário",
              "timedOut": null,
              "duration": 1991,
              "state": "passed",
              "speed": "fast",
              "pass": true,
              "fail": false,
              "pending": false,
              "context": null,
              "code": "cy.visit('https://adopet-frontend-cypress.vercel.app/');\ncy.get('[data-test=\"register-button\"]').click();\ncy.get('[data-test=\"submit-button\"]').click();\ncy.contains('É necessário informar um endereço de email').should('be.visible'); // essa mensagem deve estar visivel\ncy.contains('Crie uma senha').should('be.visible');\ncy.contains('Repita a senha criada acima').should('be.visible');",
              "err": {},
              "uuid": "56767522-717d-4c7c-819b-f975806ce808",
              "parentUUID": "fc3bfde4-a7e8-42fa-98ac-cd7d34774c02",
              "isHook": false,
              "skipped": false
            }
          ],
          "suites": [],
          "passes": [
            "56767522-717d-4c7c-819b-f975806ce808"
          ],
          "failures": [],
          "pending": [],
          "skipped": [],
          "duration": 1991,
          "root": false,
          "rootEmpty": false,
          "_timeout": 2000
        }
      ],
      "passes": [],
      "failures": [],
      "pending": [],
      "skipped": [],
      "duration": 0,
      "root": true,
      "rootEmpty": true,
      "_timeout": 2000
    }
  ],
  "meta": {
    "mocha": {
      "version": "7.0.1"
    },
    "mochawesome": {
      "options": {
        "quiet": false,
        "reportFilename": "mochawesome",
        "saveHtml": true,
        "saveJson": true,
        "consoleReporter": "spec",
        "useInlineDiffs": false,
        "code": true
      },
      "version": "7.1.3"
    },
    "marge": {
      "options": {
        "reportDir": "cypress/results",
        "overwrite": false,
        "html": true,
        "json": true,
        "timestamp": "mmddyyyy_HHMMss"
      },
      "version": "6.2.0"
    }
  }
}