{
  "stats": {
    "suites": 1,
    "tests": 6,
    "passes": 6,
    "pending": 0,
    "failures": 0,
    "start": "2025-04-09T01:39:06.891Z",
    "end": "2025-04-09T01:39:29.017Z",
    "duration": 22126,
    "testsRegistered": 6,
    "passPercent": 100,
    "pendingPercent": 0,
    "other": 0,
    "hasOther": false,
    "skipped": 0,
    "hasSkipped": false
  },
  "results": [
    {
      "uuid": "eabf0e56-22d2-4b17-a843-e2d74a1bd1bd",
      "title": "",
      "fullFile": "cypress\\e2e\\cadastro_massa.cy.js",
      "file": "cypress\\e2e\\cadastro_massa.cy.js",
      "beforeHooks": [],
      "afterHooks": [],
      "tests": [],
      "suites": [
        {
          "uuid": "0309904f-cd0e-4947-9fe0-9f7d7af2b5b4",
          "title": "Página de cadastro",
          "fullFile": "",
          "file": "",
          "beforeHooks": [],
          "afterHooks": [],
          "tests": [
            {
              "title": "Garantir o correto comportamento de cadastro de um novo usuário com sucesso utilizando a massa de teste",
              "fullTitle": "Página de cadastro Garantir o correto comportamento de cadastro de um novo usuário com sucesso utilizando a massa de teste",
              "timedOut": null,
              "duration": 3662,
              "state": "passed",
              "speed": "fast",
              "pass": true,
              "fail": false,
              "pending": false,
              "context": null,
              "code": "cy.get('[data-test=\"input-name\"]').clear().type(usuarios.name);\ncy.get('[data-test=\"input-email\"]').clear().type(usuarios.email);\ncy.get('[data-test=\"input-password\"]').clear().type(usuarios.password);\ncy.get('[data-test=\"input-confirm-password\"]').clear().type(usuarios.password);\ncy.get('[data-test=\"submit-button\"]').click();",
              "err": {},
              "uuid": "84409aa9-dd39-42c7-b6d6-a116a66db2a4",
              "parentUUID": "0309904f-cd0e-4947-9fe0-9f7d7af2b5b4",
              "isHook": false,
              "skipped": false
            },
            {
              "title": "Garantir o correto comportamento de cadastro de um novo usuário com sucesso utilizando a massa de teste",
              "fullTitle": "Página de cadastro Garantir o correto comportamento de cadastro de um novo usuário com sucesso utilizando a massa de teste",
              "timedOut": null,
              "duration": 3758,
              "state": "passed",
              "speed": "fast",
              "pass": true,
              "fail": false,
              "pending": false,
              "context": null,
              "code": "cy.get('[data-test=\"input-name\"]').clear().type(usuarios.name);\ncy.get('[data-test=\"input-email\"]').clear().type(usuarios.email);\ncy.get('[data-test=\"input-password\"]').clear().type(usuarios.password);\ncy.get('[data-test=\"input-confirm-password\"]').clear().type(usuarios.password);\ncy.get('[data-test=\"submit-button\"]').click();",
              "err": {},
              "uuid": "be2796c1-884c-4cac-9e89-5c5b2a8f7372",
              "parentUUID": "0309904f-cd0e-4947-9fe0-9f7d7af2b5b4",
              "isHook": false,
              "skipped": false
            },
            {
              "title": "Garantir o correto comportamento de cadastro de um novo usuário com sucesso utilizando a massa de teste",
              "fullTitle": "Página de cadastro Garantir o correto comportamento de cadastro de um novo usuário com sucesso utilizando a massa de teste",
              "timedOut": null,
              "duration": 3122,
              "state": "passed",
              "speed": "fast",
              "pass": true,
              "fail": false,
              "pending": false,
              "context": null,
              "code": "cy.get('[data-test=\"input-name\"]').clear().type(usuarios.name);\ncy.get('[data-test=\"input-email\"]').clear().type(usuarios.email);\ncy.get('[data-test=\"input-password\"]').clear().type(usuarios.password);\ncy.get('[data-test=\"input-confirm-password\"]').clear().type(usuarios.password);\ncy.get('[data-test=\"submit-button\"]').click();",
              "err": {},
              "uuid": "b9c68116-6e1b-4b44-af9c-7bb9a7ed4f68",
              "parentUUID": "0309904f-cd0e-4947-9fe0-9f7d7af2b5b4",
              "isHook": false,
              "skipped": false
            },
            {
              "title": "Garantir o correto comportamento de cadastro de um novo usuário com sucesso utilizando a massa de teste",
              "fullTitle": "Página de cadastro Garantir o correto comportamento de cadastro de um novo usuário com sucesso utilizando a massa de teste",
              "timedOut": null,
              "duration": 3106,
              "state": "passed",
              "speed": "fast",
              "pass": true,
              "fail": false,
              "pending": false,
              "context": null,
              "code": "cy.get('[data-test=\"input-name\"]').clear().type(usuarios.name);\ncy.get('[data-test=\"input-email\"]').clear().type(usuarios.email);\ncy.get('[data-test=\"input-password\"]').clear().type(usuarios.password);\ncy.get('[data-test=\"input-confirm-password\"]').clear().type(usuarios.password);\ncy.get('[data-test=\"submit-button\"]').click();",
              "err": {},
              "uuid": "e368b639-c82e-4389-9283-3168f5dd6bb2",
              "parentUUID": "0309904f-cd0e-4947-9fe0-9f7d7af2b5b4",
              "isHook": false,
              "skipped": false
            },
            {
              "title": "Garantir o correto comportamento de cadastro de um novo usuário com sucesso utilizando a massa de teste",
              "fullTitle": "Página de cadastro Garantir o correto comportamento de cadastro de um novo usuário com sucesso utilizando a massa de teste",
              "timedOut": null,
              "duration": 3291,
              "state": "passed",
              "speed": "fast",
              "pass": true,
              "fail": false,
              "pending": false,
              "context": null,
              "code": "cy.get('[data-test=\"input-name\"]').clear().type(usuarios.name);\ncy.get('[data-test=\"input-email\"]').clear().type(usuarios.email);\ncy.get('[data-test=\"input-password\"]').clear().type(usuarios.password);\ncy.get('[data-test=\"input-confirm-password\"]').clear().type(usuarios.password);\ncy.get('[data-test=\"submit-button\"]').click();",
              "err": {},
              "uuid": "ef4d546d-7bbc-4825-afa2-f3de397e42c6",
              "parentUUID": "0309904f-cd0e-4947-9fe0-9f7d7af2b5b4",
              "isHook": false,
              "skipped": false
            },
            {
              "title": "Garantir o correto comportamento de cadastro de um novo usuário com sucesso utilizando a massa de teste",
              "fullTitle": "Página de cadastro Garantir o correto comportamento de cadastro de um novo usuário com sucesso utilizando a massa de teste",
              "timedOut": null,
              "duration": 3376,
              "state": "passed",
              "speed": "fast",
              "pass": true,
              "fail": false,
              "pending": false,
              "context": null,
              "code": "cy.get('[data-test=\"input-name\"]').clear().type(usuarios.name);\ncy.get('[data-test=\"input-email\"]').clear().type(usuarios.email);\ncy.get('[data-test=\"input-password\"]').clear().type(usuarios.password);\ncy.get('[data-test=\"input-confirm-password\"]').clear().type(usuarios.password);\ncy.get('[data-test=\"submit-button\"]').click();",
              "err": {},
              "uuid": "8413209a-51bf-46f8-a3d7-9a327b36c89a",
              "parentUUID": "0309904f-cd0e-4947-9fe0-9f7d7af2b5b4",
              "isHook": false,
              "skipped": false
            }
          ],
          "suites": [],
          "passes": [
            "84409aa9-dd39-42c7-b6d6-a116a66db2a4",
            "be2796c1-884c-4cac-9e89-5c5b2a8f7372",
            "b9c68116-6e1b-4b44-af9c-7bb9a7ed4f68",
            "e368b639-c82e-4389-9283-3168f5dd6bb2",
            "ef4d546d-7bbc-4825-afa2-f3de397e42c6",
            "8413209a-51bf-46f8-a3d7-9a327b36c89a"
          ],
          "failures": [],
          "pending": [],
          "skipped": [],
          "duration": 20315,
          "root": false,
          "rootEmpty": false,
          "_timeout": 2000
        }
      ],
      "passes": [],
      "failures": [],
      "pending": [],
      "skipped": [],
      "duration": 0,
      "root": true,
      "rootEmpty": true,
      "_timeout": 2000
    }
  ],
  "meta": {
    "mocha": {
      "version": "7.0.1"
    },
    "mochawesome": {
      "options": {
        "quiet": false,
        "reportFilename": "mochawesome",
        "saveHtml": true,
        "saveJson": true,
        "consoleReporter": "spec",
        "useInlineDiffs": false,
        "code": true
      },
      "version": "7.1.3"
    },
    "marge": {
      "options": {
        "reportDir": "cypress/results",
        "overwrite": false,
        "html": true,
        "json": true,
        "timestamp": "mmddyyyy_HHMMss"
      },
      "version": "6.2.0"
    }
  }
}