{
  "stats": {
    "suites": 1,
    "tests": 1,
    "passes": 1,
    "pending": 0,
    "failures": 0,
    "start": "2025-04-09T01:39:32.061Z",
    "end": "2025-04-09T01:39:36.583Z",
    "duration": 4522,
    "testsRegistered": 1,
    "passPercent": 100,
    "pendingPercent": 0,
    "other": 0,
    "hasOther": false,
    "skipped": 0,
    "hasSkipped": false
  },
  "results": [
    {
      "uuid": "7afc39ac-e449-4f5e-bcfa-02c68aae4c2d",
      "title": "",
      "fullFile": "cypress\\e2e\\login_correto.cy.js",
      "file": "cypress\\e2e\\login_correto.cy.js",
      "beforeHooks": [],
      "afterHooks": [],
      "tests": [],
      "suites": [
        {
          "uuid": "94909684-1206-4337-ad72-bb7a338fee17",
          "title": "Página de login",
          "fullFile": "",
          "file": "",
          "beforeHooks": [],
          "afterHooks": [],
          "tests": [
            {
              "title": "Garantir o correto comportamento de autenticação do usuário com sucesso",
              "fullTitle": "Página de login Garantir o correto comportamento de autenticação do usuário com sucesso",
              "timedOut": null,
              "duration": 2494,
              "state": "passed",
              "speed": "fast",
              "pass": true,
              "fail": false,
              "pending": false,
              "context": null,
              "code": "cy.login('mariana@email.com', 'Senha123');",
              "err": {},
              "uuid": "784a251f-84fe-4d44-a5fc-a97aef7f0372",
              "parentUUID": "94909684-1206-4337-ad72-bb7a338fee17",
              "isHook": false,
              "skipped": false
            }
          ],
          "suites": [],
          "passes": [
            "784a251f-84fe-4d44-a5fc-a97aef7f0372"
          ],
          "failures": [],
          "pending": [],
          "skipped": [],
          "duration": 2494,
          "root": false,
          "rootEmpty": false,
          "_timeout": 2000
        }
      ],
      "passes": [],
      "failures": [],
      "pending": [],
      "skipped": [],
      "duration": 0,
      "root": true,
      "rootEmpty": true,
      "_timeout": 2000
    }
  ],
  "meta": {
    "mocha": {
      "version": "7.0.1"
    },
    "mochawesome": {
      "options": {
        "quiet": false,
        "reportFilename": "mochawesome",
        "saveHtml": true,
        "saveJson": true,
        "consoleReporter": "spec",
        "useInlineDiffs": false,
        "code": true
      },
      "version": "7.1.3"
    },
    "marge": {
      "options": {
        "reportDir": "cypress/results",
        "overwrite": false,
        "html": true,
        "json": true,
        "timestamp": "mmddyyyy_HHMMss"
      },
      "version": "6.2.0"
    }
  }
}